[debug] [2024-07-01T22:51:00.429Z] ----------------------------------------------------------------------
[debug] [2024-07-01T22:51:00.431Z] Command:       /Users/workgoonja/.nvm/versions/node/v20.11.0/bin/node /Users/workgoonja/.nvm/versions/node/v20.11.0/bin/firebase deploy --only functions
[debug] [2024-07-01T22:51:00.432Z] CLI Version:   13.3.0
[debug] [2024-07-01T22:51:00.432Z] Platform:      darwin
[debug] [2024-07-01T22:51:00.432Z] Node Version:  v20.11.0
[debug] [2024-07-01T22:51:00.432Z] Time:          Mon Jul 01 2024 18:51:00 GMT-0400 (Eastern Daylight Time)
[debug] [2024-07-01T22:51:00.432Z] ----------------------------------------------------------------------
[debug] 
[debug] [2024-07-01T22:51:00.492Z] > command requires scopes: ["email","openid","https://www.googleapis.com/auth/cloudplatformprojects.readonly","https://www.googleapis.com/auth/firebase","https://www.googleapis.com/auth/cloud-platform"]
[debug] [2024-07-01T22:51:00.492Z] > authorizing via signed-in user (gona.gandhi@gmail.com)
[debug] [2024-07-01T22:51:00.492Z] [iam] checking project weather-app-44bc2 for permissions ["cloudfunctions.functions.create","cloudfunctions.functions.delete","cloudfunctions.functions.get","cloudfunctions.functions.list","cloudfunctions.functions.update","cloudfunctions.operations.get","firebase.projects.get"]
[debug] [2024-07-01T22:51:00.493Z] > refreshing access token with scopes: []
[debug] [2024-07-01T22:51:00.494Z] >>> [apiv2][query] POST https://www.googleapis.com/oauth2/v3/token [none]
[debug] [2024-07-01T22:51:00.494Z] >>> [apiv2][body] POST https://www.googleapis.com/oauth2/v3/token [omitted]
[debug] [2024-07-01T22:51:01.071Z] <<< [apiv2][status] POST https://www.googleapis.com/oauth2/v3/token 200
[debug] [2024-07-01T22:51:01.071Z] <<< [apiv2][body] POST https://www.googleapis.com/oauth2/v3/token [omitted]
[debug] [2024-07-01T22:51:01.081Z] >>> [apiv2][query] POST https://cloudresourcemanager.googleapis.com/v1/projects/weather-app-44bc2:testIamPermissions [none]
[debug] [2024-07-01T22:51:01.081Z] >>> [apiv2][(partial)header] POST https://cloudresourcemanager.googleapis.com/v1/projects/weather-app-44bc2:testIamPermissions x-goog-quota-user=projects/weather-app-44bc2
[debug] [2024-07-01T22:51:01.081Z] >>> [apiv2][body] POST https://cloudresourcemanager.googleapis.com/v1/projects/weather-app-44bc2:testIamPermissions {"permissions":["cloudfunctions.functions.create","cloudfunctions.functions.delete","cloudfunctions.functions.get","cloudfunctions.functions.list","cloudfunctions.functions.update","cloudfunctions.operations.get","firebase.projects.get"]}
[debug] [2024-07-01T22:51:01.560Z] <<< [apiv2][status] POST https://cloudresourcemanager.googleapis.com/v1/projects/weather-app-44bc2:testIamPermissions 200
[debug] [2024-07-01T22:51:01.560Z] <<< [apiv2][body] POST https://cloudresourcemanager.googleapis.com/v1/projects/weather-app-44bc2:testIamPermissions {"permissions":["cloudfunctions.functions.create","cloudfunctions.functions.delete","cloudfunctions.functions.get","cloudfunctions.functions.list","cloudfunctions.functions.update","cloudfunctions.operations.get","firebase.projects.get"]}
[debug] [2024-07-01T22:51:01.561Z] >>> [apiv2][query] POST https://iam.googleapis.com/v1/projects/weather-app-44bc2/serviceAccounts/weather-app-44bc2@appspot.gserviceaccount.com:testIamPermissions [none]
[debug] [2024-07-01T22:51:01.561Z] >>> [apiv2][body] POST https://iam.googleapis.com/v1/projects/weather-app-44bc2/serviceAccounts/weather-app-44bc2@appspot.gserviceaccount.com:testIamPermissions {"permissions":["iam.serviceAccounts.actAs"]}
[debug] [2024-07-01T22:51:01.896Z] <<< [apiv2][status] POST https://iam.googleapis.com/v1/projects/weather-app-44bc2/serviceAccounts/weather-app-44bc2@appspot.gserviceaccount.com:testIamPermissions 200
[debug] [2024-07-01T22:51:01.897Z] <<< [apiv2][body] POST https://iam.googleapis.com/v1/projects/weather-app-44bc2/serviceAccounts/weather-app-44bc2@appspot.gserviceaccount.com:testIamPermissions {"permissions":["iam.serviceAccounts.actAs"]}
[info] 
[info] === Deploying to 'weather-app-44bc2'...
[info] 
[info] i  deploying functions 
[info] ✔  functions: Finished running predeploy script. 
[debug] [2024-07-01T22:51:01.903Z] >>> [apiv2][query] GET https://firebase.googleapis.com/v1beta1/projects/weather-app-44bc2 [none]
[debug] [2024-07-01T22:51:02.466Z] <<< [apiv2][status] GET https://firebase.googleapis.com/v1beta1/projects/weather-app-44bc2 200
[debug] [2024-07-01T22:51:02.467Z] <<< [apiv2][body] GET https://firebase.googleapis.com/v1beta1/projects/weather-app-44bc2 {"projectId":"weather-app-44bc2","projectNumber":"344152108574","displayName":"weather-app","name":"projects/weather-app-44bc2","resources":{"hostingSite":"weather-app-44bc2"},"state":"ACTIVE","etag":"1_3098a4db-c27e-4e4b-bd56-a8dde8d2503d"}
[info] i  functions: preparing codebase default for deployment 
[info] i  functions: ensuring required API cloudfunctions.googleapis.com is enabled... 
[info] i  functions: ensuring required API cloudbuild.googleapis.com is enabled... 
[info] i  artifactregistry: ensuring required API artifactregistry.googleapis.com is enabled... 
[debug] [2024-07-01T22:51:02.469Z] >>> [apiv2][query] GET https://serviceusage.googleapis.com/v1/projects/weather-app-44bc2/services/cloudfunctions.googleapis.com [none]
[debug] [2024-07-01T22:51:02.469Z] >>> [apiv2][(partial)header] GET https://serviceusage.googleapis.com/v1/projects/weather-app-44bc2/services/cloudfunctions.googleapis.com x-goog-quota-user=projects/weather-app-44bc2
[debug] [2024-07-01T22:51:02.470Z] >>> [apiv2][query] GET https://serviceusage.googleapis.com/v1/projects/weather-app-44bc2/services/runtimeconfig.googleapis.com [none]
[debug] [2024-07-01T22:51:02.470Z] >>> [apiv2][(partial)header] GET https://serviceusage.googleapis.com/v1/projects/weather-app-44bc2/services/runtimeconfig.googleapis.com x-goog-quota-user=projects/weather-app-44bc2
[debug] [2024-07-01T22:51:02.471Z] >>> [apiv2][query] GET https://serviceusage.googleapis.com/v1/projects/weather-app-44bc2/services/cloudbuild.googleapis.com [none]
[debug] [2024-07-01T22:51:02.472Z] >>> [apiv2][(partial)header] GET https://serviceusage.googleapis.com/v1/projects/weather-app-44bc2/services/cloudbuild.googleapis.com x-goog-quota-user=projects/weather-app-44bc2
[debug] [2024-07-01T22:51:02.472Z] >>> [apiv2][query] GET https://serviceusage.googleapis.com/v1/projects/weather-app-44bc2/services/artifactregistry.googleapis.com [none]
[debug] [2024-07-01T22:51:02.472Z] >>> [apiv2][(partial)header] GET https://serviceusage.googleapis.com/v1/projects/weather-app-44bc2/services/artifactregistry.googleapis.com x-goog-quota-user=projects/weather-app-44bc2
[debug] [2024-07-01T22:51:02.986Z] <<< [apiv2][status] GET https://serviceusage.googleapis.com/v1/projects/weather-app-44bc2/services/cloudbuild.googleapis.com 200
[debug] [2024-07-01T22:51:02.987Z] <<< [apiv2][body] GET https://serviceusage.googleapis.com/v1/projects/weather-app-44bc2/services/cloudbuild.googleapis.com [omitted]
[info] ✔  functions: required API cloudbuild.googleapis.com is enabled 
[debug] [2024-07-01T22:51:02.988Z] <<< [apiv2][status] GET https://serviceusage.googleapis.com/v1/projects/weather-app-44bc2/services/cloudfunctions.googleapis.com 200
[debug] [2024-07-01T22:51:02.988Z] <<< [apiv2][body] GET https://serviceusage.googleapis.com/v1/projects/weather-app-44bc2/services/cloudfunctions.googleapis.com [omitted]
[info] ✔  functions: required API cloudfunctions.googleapis.com is enabled 
[debug] [2024-07-01T22:51:02.989Z] <<< [apiv2][status] GET https://serviceusage.googleapis.com/v1/projects/weather-app-44bc2/services/runtimeconfig.googleapis.com 200
[debug] [2024-07-01T22:51:02.989Z] <<< [apiv2][body] GET https://serviceusage.googleapis.com/v1/projects/weather-app-44bc2/services/runtimeconfig.googleapis.com [omitted]
[debug] [2024-07-01T22:51:02.990Z] <<< [apiv2][status] GET https://serviceusage.googleapis.com/v1/projects/weather-app-44bc2/services/artifactregistry.googleapis.com 200
[debug] [2024-07-01T22:51:02.990Z] <<< [apiv2][body] GET https://serviceusage.googleapis.com/v1/projects/weather-app-44bc2/services/artifactregistry.googleapis.com [omitted]
[info] ✔  artifactregistry: required API artifactregistry.googleapis.com is enabled 
[debug] [2024-07-01T22:51:02.990Z] >>> [apiv2][query] GET https://firebase.googleapis.com/v1beta1/projects/weather-app-44bc2/adminSdkConfig [none]
[debug] [2024-07-01T22:51:03.337Z] <<< [apiv2][status] GET https://firebase.googleapis.com/v1beta1/projects/weather-app-44bc2/adminSdkConfig 200
[debug] [2024-07-01T22:51:03.337Z] <<< [apiv2][body] GET https://firebase.googleapis.com/v1beta1/projects/weather-app-44bc2/adminSdkConfig {"projectId":"weather-app-44bc2","storageBucket":"weather-app-44bc2.appspot.com"}
[debug] [2024-07-01T22:51:03.337Z] >>> [apiv2][query] GET https://runtimeconfig.googleapis.com/v1beta1/projects/weather-app-44bc2/configs [none]
[debug] [2024-07-01T22:51:03.653Z] <<< [apiv2][status] GET https://runtimeconfig.googleapis.com/v1beta1/projects/weather-app-44bc2/configs 200
[debug] [2024-07-01T22:51:03.653Z] <<< [apiv2][body] GET https://runtimeconfig.googleapis.com/v1beta1/projects/weather-app-44bc2/configs {}
[debug] [2024-07-01T22:51:03.655Z] Validating nodejs source
[debug] [2024-07-01T22:51:04.255Z] > [functions] package.json contents: {
  "name": "backend",
  "version": "1.0.0",
  "description": "",
  "main": "index.js",
  "scripts": {
    "test": "echo \"Error: no test specified\" && exit 1"
  },
  "keywords": [],
  "author": "",
  "license": "ISC",
  "dependencies": {
    "express": "^4.19.2",
    "mysql2": "^3.10.1",
    "sequelize": "^6.37.3",
    "firebase-admin": "^12.2.0",
    "firebase-functions": "^5.0.1"
  }
}
[debug] [2024-07-01T22:51:04.255Z] Building nodejs source
[info] i  functions: Loading and analyzing source code for codebase default to determine what to deploy 
[debug] [2024-07-01T22:51:04.256Z] Could not find functions.yaml. Must use http discovery
[debug] [2024-07-01T22:51:04.262Z] Found firebase-functions binary at '/Users/workgoonja/Documents/Assignment/weather-app/backend/node_modules/.bin/firebase-functions'
[info] Serving at port 8986

[info] Server running on port 5002

[debug] [2024-07-01T22:51:04.723Z] Got response from /__/functions.yaml {"endpoints":{"weather_api":{"platform":"gcfv1","availableMemoryMb":null,"timeoutSeconds":null,"minInstances":null,"maxInstances":null,"ingressSettings":null,"serviceAccountEmail":null,"vpc":null,"httpsTrigger":{},"entryPoint":"weather_api"}},"specVersion":"v1alpha1","requiredAPIs":[]}
[info] Executing (default): SELECT TABLE_NAME FROM INFORMATION_SCHEMA.TABLES WHERE TABLE_TYPE = 'BASE TABLE' AND TABLE_NAME = 'user_details' AND TABLE_SCHEMA = 'weather_app_db'

[info] Executing (default): SHOW INDEX FROM `user_details` FROM `weather_app_db`

[info] Database synced

[info] i  functions: preparing ./backend directory for uploading... 
[info] i  functions: packaged /Users/workgoonja/Documents/Assignment/weather-app/backend (31.93 KB) for uploading 
[debug] [2024-07-01T22:51:14.779Z] >>> [apiv2][query] GET https://cloudfunctions.googleapis.com/v1/projects/weather-app-44bc2/locations/-/functions [none]
[debug] [2024-07-01T22:51:15.421Z] <<< [apiv2][status] GET https://cloudfunctions.googleapis.com/v1/projects/weather-app-44bc2/locations/-/functions 200
[debug] [2024-07-01T22:51:15.421Z] <<< [apiv2][body] GET https://cloudfunctions.googleapis.com/v1/projects/weather-app-44bc2/locations/-/functions {"functions":[{"name":"projects/weather-app-44bc2/locations/us-central1/functions/weather_api","httpsTrigger":{"url":"https://us-central1-weather-app-44bc2.cloudfunctions.net/weather_api","securityLevel":"SECURE_ALWAYS"},"status":"ACTIVE","entryPoint":"weather_api","timeout":"60s","availableMemoryMb":256,"serviceAccountEmail":"weather-app-44bc2@appspot.gserviceaccount.com","updateTime":"2024-07-01T22:31:13.987Z","versionId":"3","labels":{"deployment-tool":"cli-firebase","firebase-functions-hash":"2015e60ef3f5da48ab59f7e276baf25c0070f777"},"sourceUploadUrl":"https://storage.googleapis.com/uploads-227817229072.us-central1.cloudfunctions.appspot.com/ca4b4656-fa85-4424-94e0-8e594255be93.zip","environmentVariables":{"FIREBASE_CONFIG":"{\"projectId\":\"weather-app-44bc2\",\"storageBucket\":\"weather-app-44bc2.appspot.com\"}","GCLOUD_PROJECT":"weather-app-44bc2","EVENTARC_CLOUD_EVENT_SOURCE":"projects/weather-app-44bc2/locations/us-central1/functions/weather_api"},"runtime":"nodejs18","ingressSettings":"ALLOW_ALL","buildId":"1387a382-fae4-4ab9-b15b-902ba1139455","buildEnvironmentVariables":{"GOOGLE_NODE_RUN_SCRIPTS":""},"buildName":"projects/344152108574/locations/us-central1/builds/1387a382-fae4-4ab9-b15b-902ba1139455","dockerRegistry":"ARTIFACT_REGISTRY","automaticUpdatePolicy":{}}]}
[debug] [2024-07-01T22:51:15.423Z] >>> [apiv2][query] GET https://cloudfunctions.googleapis.com/v2/projects/weather-app-44bc2/locations/-/functions filter=environment%3D%22GEN_2%22
[debug] [2024-07-01T22:51:15.916Z] <<< [apiv2][status] GET https://cloudfunctions.googleapis.com/v2/projects/weather-app-44bc2/locations/-/functions 200
[debug] [2024-07-01T22:51:15.917Z] <<< [apiv2][body] GET https://cloudfunctions.googleapis.com/v2/projects/weather-app-44bc2/locations/-/functions {}
[debug] [2024-07-01T22:51:15.920Z] >>> [apiv2][query] GET https://firebase.googleapis.com/v1beta1/projects/weather-app-44bc2 [none]
[debug] [2024-07-01T22:51:16.238Z] <<< [apiv2][status] GET https://firebase.googleapis.com/v1beta1/projects/weather-app-44bc2 200
[debug] [2024-07-01T22:51:16.239Z] <<< [apiv2][body] GET https://firebase.googleapis.com/v1beta1/projects/weather-app-44bc2 {"projectId":"weather-app-44bc2","projectNumber":"344152108574","displayName":"weather-app","name":"projects/weather-app-44bc2","resources":{"hostingSite":"weather-app-44bc2"},"state":"ACTIVE","etag":"1_3098a4db-c27e-4e4b-bd56-a8dde8d2503d"}
[debug] [2024-07-01T22:51:16.241Z] >>> [apiv2][query] POST https://cloudfunctions.googleapis.com/v1/projects/weather-app-44bc2/locations/us-central1/functions:generateUploadUrl [none]
[debug] [2024-07-01T22:51:16.241Z] >>> [apiv2][body] POST https://cloudfunctions.googleapis.com/v1/projects/weather-app-44bc2/locations/us-central1/functions:generateUploadUrl {}
[debug] [2024-07-01T22:51:16.936Z] <<< [apiv2][status] POST https://cloudfunctions.googleapis.com/v1/projects/weather-app-44bc2/locations/us-central1/functions:generateUploadUrl 200
[debug] [2024-07-01T22:51:16.936Z] <<< [apiv2][body] POST https://cloudfunctions.googleapis.com/v1/projects/weather-app-44bc2/locations/us-central1/functions:generateUploadUrl {"uploadUrl":"https://storage.googleapis.com/uploads-227817229072.us-central1.cloudfunctions.appspot.com/9886b69c-02c7-4c3c-8429-d40382f5b10e.zip?GoogleAccessId=service-344152108574@gcf-admin-robot.iam.gserviceaccount.com&Expires=1719876076&Signature=WyRCuwvsBEg80mca%2BimqZeIMdi8vNvcqEq6%2BNlX6r1p0TW3RY%2FzXMl%2FWUlsRtu2Ji22AfoFXkOpAMlA5BHZaLQ3%2Fj87%2FNdB68%2BGezsULZfMg%2BsJya4Rl%2FrXZsOVY3jTLOpL1GXEmIu5QQbfblNojPqmevFQBXbqrrqTV%2B1KcNWpeVyF3icE6ly%2BI%2B4kfLZ41K6e26L32%2BYsPxR%2BkHBFfsMik6m2JcjYQ3vHHEqwmguz1iKa8WJlNtKIrsDTgARz%2FHpiYCj%2B1bOpoxoTSDuWye0i0J5O4TroZX4hgceyx0JXHHr6mT9g%2BmbcYTfRw4TWAn8BffajpdOy56kE3aIKH4w%3D%3D"}
[debug] [2024-07-01T22:51:16.938Z] >>> [apiv2][query] PUT https://storage.googleapis.com/uploads-227817229072.us-central1.cloudfunctions.appspot.com/9886b69c-02c7-4c3c-8429-d40382f5b10e.zip GoogleAccessId=service-344152108574%40gcf-admin-robot.iam.gserviceaccount.com&Expires=1719876076&Signature=WyRCuwvsBEg80mca%2BimqZeIMdi8vNvcqEq6%2BNlX6r1p0TW3RY%2FzXMl%2FWUlsRtu2Ji22AfoFXkOpAMlA5BHZaLQ3%2Fj87%2FNdB68%2BGezsULZfMg%2BsJya4Rl%2FrXZsOVY3jTLOpL1GXEmIu5QQbfblNojPqmevFQBXbqrrqTV%2B1KcNWpeVyF3icE6ly%2BI%2B4kfLZ41K6e26L32%2BYsPxR%2BkHBFfsMik6m2JcjYQ3vHHEqwmguz1iKa8WJlNtKIrsDTgARz%2FHpiYCj%2B1bOpoxoTSDuWye0i0J5O4TroZX4hgceyx0JXHHr6mT9g%2BmbcYTfRw4TWAn8BffajpdOy56kE3aIKH4w%3D%3D
[debug] [2024-07-01T22:51:16.938Z] >>> [apiv2][body] PUT https://storage.googleapis.com/uploads-227817229072.us-central1.cloudfunctions.appspot.com/9886b69c-02c7-4c3c-8429-d40382f5b10e.zip [stream]
[debug] [2024-07-01T22:51:17.282Z] <<< [apiv2][status] PUT https://storage.googleapis.com/uploads-227817229072.us-central1.cloudfunctions.appspot.com/9886b69c-02c7-4c3c-8429-d40382f5b10e.zip 200
[debug] [2024-07-01T22:51:17.283Z] <<< [apiv2][body] PUT https://storage.googleapis.com/uploads-227817229072.us-central1.cloudfunctions.appspot.com/9886b69c-02c7-4c3c-8429-d40382f5b10e.zip [omitted]
[info] ✔  functions: ./backend folder uploaded successfully 
[info] i  functions: updating Node.js 18 (1st Gen) function weather_api(us-central1)... 
[debug] [2024-07-01T22:51:17.289Z] >>> [apiv2][query] PATCH https://cloudfunctions.googleapis.com/v1/projects/weather-app-44bc2/locations/us-central1/functions/weather_api updateMask=name%2CsourceUploadUrl%2CentryPoint%2Cruntime%2CdockerRegistry%2Clabels%2ChttpsTrigger.securityLevel%2CminInstances%2CmaxInstances%2CingressSettings%2CenvironmentVariables%2CserviceAccountEmail%2CavailableMemoryMb%2Ctimeout%2CvpcConnector%2CvpcConnectorEgressSettings%2CsourceToken%2CbuildEnvironmentVariables
[debug] [2024-07-01T22:51:17.289Z] >>> [apiv2][body] PATCH https://cloudfunctions.googleapis.com/v1/projects/weather-app-44bc2/locations/us-central1/functions/weather_api {"name":"projects/weather-app-44bc2/locations/us-central1/functions/weather_api","sourceUploadUrl":"https://storage.googleapis.com/uploads-227817229072.us-central1.cloudfunctions.appspot.com/9886b69c-02c7-4c3c-8429-d40382f5b10e.zip?GoogleAccessId=service-344152108574@gcf-admin-robot.iam.gserviceaccount.com&Expires=1719876076&Signature=WyRCuwvsBEg80mca%2BimqZeIMdi8vNvcqEq6%2BNlX6r1p0TW3RY%2FzXMl%2FWUlsRtu2Ji22AfoFXkOpAMlA5BHZaLQ3%2Fj87%2FNdB68%2BGezsULZfMg%2BsJya4Rl%2FrXZsOVY3jTLOpL1GXEmIu5QQbfblNojPqmevFQBXbqrrqTV%2B1KcNWpeVyF3icE6ly%2BI%2B4kfLZ41K6e26L32%2BYsPxR%2BkHBFfsMik6m2JcjYQ3vHHEqwmguz1iKa8WJlNtKIrsDTgARz%2FHpiYCj%2B1bOpoxoTSDuWye0i0J5O4TroZX4hgceyx0JXHHr6mT9g%2BmbcYTfRw4TWAn8BffajpdOy56kE3aIKH4w%3D%3D","entryPoint":"weather_api","runtime":"nodejs18","dockerRegistry":"ARTIFACT_REGISTRY","labels":{"deployment-tool":"cli-firebase","firebase-functions-hash":"16d800c457d1320e675dce0d43b31ecf1ff7db20"},"httpsTrigger":{"securityLevel":"SECURE_ALWAYS"},"minInstances":null,"maxInstances":null,"ingressSettings":null,"environmentVariables":{"FIREBASE_CONFIG":"{\"projectId\":\"weather-app-44bc2\",\"storageBucket\":\"weather-app-44bc2.appspot.com\"}","GCLOUD_PROJECT":"weather-app-44bc2","EVENTARC_CLOUD_EVENT_SOURCE":"projects/weather-app-44bc2/locations/us-central1/functions/weather_api"},"serviceAccountEmail":null,"availableMemoryMb":null,"timeout":null,"vpcConnector":null,"vpcConnectorEgressSettings":null,"buildEnvironmentVariables":{"GOOGLE_NODE_RUN_SCRIPTS":""}}
[debug] [2024-07-01T22:51:17.810Z] <<< [apiv2][status] PATCH https://cloudfunctions.googleapis.com/v1/projects/weather-app-44bc2/locations/us-central1/functions/weather_api 200
[debug] [2024-07-01T22:51:17.810Z] <<< [apiv2][body] PATCH https://cloudfunctions.googleapis.com/v1/projects/weather-app-44bc2/locations/us-central1/functions/weather_api {"name":"operations/d2VhdGhlci1hcHAtNDRiYzIvdXMtY2VudHJhbDEvd2VhdGhlcl9hcGkvbkFZOFV5M0NPRXc","metadata":{"@type":"type.googleapis.com/google.cloud.functions.v1.OperationMetadataV1","target":"projects/weather-app-44bc2/locations/us-central1/functions/weather_api","type":"UPDATE_FUNCTION","request":{"@type":"type.googleapis.com/google.cloud.functions.v1.CloudFunction","name":"projects/weather-app-44bc2/locations/us-central1/functions/weather_api","httpsTrigger":{"url":"https://us-central1-weather-app-44bc2.cloudfunctions.net/weather_api","securityLevel":"SECURE_ALWAYS"},"status":"ACTIVE","entryPoint":"weather_api","updateTime":"2024-07-01T22:31:13.987Z","versionId":"3","labels":{"deployment-tool":"cli-firebase","firebase-functions-hash":"16d800c457d1320e675dce0d43b31ecf1ff7db20"},"sourceUploadUrl":"https://storage.googleapis.com/uploads-227817229072.us-central1.cloudfunctions.appspot.com/9886b69c-02c7-4c3c-8429-d40382f5b10e.zip?GoogleAccessId=service-344152108574@gcf-admin-robot.iam.gserviceaccount.com&Expires=1719876076&Signature=WyRCuwvsBEg80mca%2BimqZeIMdi8vNvcqEq6%2BNlX6r1p0TW3RY%2FzXMl%2FWUlsRtu2Ji22AfoFXkOpAMlA5BHZaLQ3%2Fj87%2FNdB68%2BGezsULZfMg%2BsJya4Rl%2FrXZsOVY3jTLOpL1GXEmIu5QQbfblNojPqmevFQBXbqrrqTV%2B1KcNWpeVyF3icE6ly%2BI%2B4kfLZ41K6e26L32%2BYsPxR%2BkHBFfsMik6m2JcjYQ3vHHEqwmguz1iKa8WJlNtKIrsDTgARz%2FHpiYCj%2B1bOpoxoTSDuWye0i0J5O4TroZX4hgceyx0JXHHr6mT9g%2BmbcYTfRw4TWAn8BffajpdOy56kE3aIKH4w%3D%3D","environmentVariables":{"FIREBASE_CONFIG":"{\"projectId\":\"weather-app-44bc2\",\"storageBucket\":\"weather-app-44bc2.appspot.com\"}","GCLOUD_PROJECT":"weather-app-44bc2","EVENTARC_CLOUD_EVENT_SOURCE":"projects/weather-app-44bc2/locations/us-central1/functions/weather_api"},"runtime":"nodejs18","buildId":"1387a382-fae4-4ab9-b15b-902ba1139455","buildEnvironmentVariables":{"GOOGLE_NODE_RUN_SCRIPTS":""},"buildName":"projects/344152108574/locations/us-central1/builds/1387a382-fae4-4ab9-b15b-902ba1139455","dockerRegistry":"ARTIFACT_REGISTRY","automaticUpdatePolicy":{}},"versionId":"4","updateTime":"2024-07-01T22:51:17Z"}}
[debug] [2024-07-01T22:51:17.810Z] >>> [apiv2][query] GET https://cloudfunctions.googleapis.com/v1/operations/d2VhdGhlci1hcHAtNDRiYzIvdXMtY2VudHJhbDEvd2VhdGhlcl9hcGkvbkFZOFV5M0NPRXc [none]
[debug] [2024-07-01T22:51:17.965Z] <<< [apiv2][status] GET https://cloudfunctions.googleapis.com/v1/operations/d2VhdGhlci1hcHAtNDRiYzIvdXMtY2VudHJhbDEvd2VhdGhlcl9hcGkvbkFZOFV5M0NPRXc 200
[debug] [2024-07-01T22:51:17.966Z] <<< [apiv2][body] GET https://cloudfunctions.googleapis.com/v1/operations/d2VhdGhlci1hcHAtNDRiYzIvdXMtY2VudHJhbDEvd2VhdGhlcl9hcGkvbkFZOFV5M0NPRXc {"name":"operations/d2VhdGhlci1hcHAtNDRiYzIvdXMtY2VudHJhbDEvd2VhdGhlcl9hcGkvbkFZOFV5M0NPRXc","metadata":{"@type":"type.googleapis.com/google.cloud.functions.v1.OperationMetadataV1","target":"projects/weather-app-44bc2/locations/us-central1/functions/weather_api","type":"UPDATE_FUNCTION","request":{"@type":"type.googleapis.com/google.cloud.functions.v1.CloudFunction","name":"projects/weather-app-44bc2/locations/us-central1/functions/weather_api","httpsTrigger":{"url":"https://us-central1-weather-app-44bc2.cloudfunctions.net/weather_api","securityLevel":"SECURE_ALWAYS"},"status":"ACTIVE","entryPoint":"weather_api","updateTime":"2024-07-01T22:31:13.987Z","versionId":"3","labels":{"deployment-tool":"cli-firebase","firebase-functions-hash":"16d800c457d1320e675dce0d43b31ecf1ff7db20"},"sourceUploadUrl":"https://storage.googleapis.com/uploads-227817229072.us-central1.cloudfunctions.appspot.com/9886b69c-02c7-4c3c-8429-d40382f5b10e.zip?GoogleAccessId=service-344152108574@gcf-admin-robot.iam.gserviceaccount.com&Expires=1719876076&Signature=WyRCuwvsBEg80mca%2BimqZeIMdi8vNvcqEq6%2BNlX6r1p0TW3RY%2FzXMl%2FWUlsRtu2Ji22AfoFXkOpAMlA5BHZaLQ3%2Fj87%2FNdB68%2BGezsULZfMg%2BsJya4Rl%2FrXZsOVY3jTLOpL1GXEmIu5QQbfblNojPqmevFQBXbqrrqTV%2B1KcNWpeVyF3icE6ly%2BI%2B4kfLZ41K6e26L32%2BYsPxR%2BkHBFfsMik6m2JcjYQ3vHHEqwmguz1iKa8WJlNtKIrsDTgARz%2FHpiYCj%2B1bOpoxoTSDuWye0i0J5O4TroZX4hgceyx0JXHHr6mT9g%2BmbcYTfRw4TWAn8BffajpdOy56kE3aIKH4w%3D%3D","environmentVariables":{"FIREBASE_CONFIG":"{\"projectId\":\"weather-app-44bc2\",\"storageBucket\":\"weather-app-44bc2.appspot.com\"}","GCLOUD_PROJECT":"weather-app-44bc2","EVENTARC_CLOUD_EVENT_SOURCE":"projects/weather-app-44bc2/locations/us-central1/functions/weather_api"},"runtime":"nodejs18","buildId":"1387a382-fae4-4ab9-b15b-902ba1139455","buildEnvironmentVariables":{"GOOGLE_NODE_RUN_SCRIPTS":""},"buildName":"projects/344152108574/locations/us-central1/builds/1387a382-fae4-4ab9-b15b-902ba1139455","dockerRegistry":"ARTIFACT_REGISTRY","automaticUpdatePolicy":{}},"versionId":"4","updateTime":"2024-07-01T22:51:17Z"}}
[debug] [2024-07-01T22:51:18.469Z] [update-default-us-central1-weather_api] Retrying task index 0
[debug] [2024-07-01T22:51:18.470Z] >>> [apiv2][query] GET https://cloudfunctions.googleapis.com/v1/operations/d2VhdGhlci1hcHAtNDRiYzIvdXMtY2VudHJhbDEvd2VhdGhlcl9hcGkvbkFZOFV5M0NPRXc [none]
[debug] [2024-07-01T22:51:18.600Z] <<< [apiv2][status] GET https://cloudfunctions.googleapis.com/v1/operations/d2VhdGhlci1hcHAtNDRiYzIvdXMtY2VudHJhbDEvd2VhdGhlcl9hcGkvbkFZOFV5M0NPRXc 200
[debug] [2024-07-01T22:51:18.600Z] <<< [apiv2][body] GET https://cloudfunctions.googleapis.com/v1/operations/d2VhdGhlci1hcHAtNDRiYzIvdXMtY2VudHJhbDEvd2VhdGhlcl9hcGkvbkFZOFV5M0NPRXc {"name":"operations/d2VhdGhlci1hcHAtNDRiYzIvdXMtY2VudHJhbDEvd2VhdGhlcl9hcGkvbkFZOFV5M0NPRXc","metadata":{"@type":"type.googleapis.com/google.cloud.functions.v1.OperationMetadataV1","target":"projects/weather-app-44bc2/locations/us-central1/functions/weather_api","type":"UPDATE_FUNCTION","request":{"@type":"type.googleapis.com/google.cloud.functions.v1.CloudFunction","name":"projects/weather-app-44bc2/locations/us-central1/functions/weather_api","httpsTrigger":{"url":"https://us-central1-weather-app-44bc2.cloudfunctions.net/weather_api","securityLevel":"SECURE_ALWAYS"},"status":"ACTIVE","entryPoint":"weather_api","updateTime":"2024-07-01T22:31:13.987Z","versionId":"3","labels":{"deployment-tool":"cli-firebase","firebase-functions-hash":"16d800c457d1320e675dce0d43b31ecf1ff7db20"},"sourceUploadUrl":"https://storage.googleapis.com/uploads-227817229072.us-central1.cloudfunctions.appspot.com/9886b69c-02c7-4c3c-8429-d40382f5b10e.zip?GoogleAccessId=service-344152108574@gcf-admin-robot.iam.gserviceaccount.com&Expires=1719876076&Signature=WyRCuwvsBEg80mca%2BimqZeIMdi8vNvcqEq6%2BNlX6r1p0TW3RY%2FzXMl%2FWUlsRtu2Ji22AfoFXkOpAMlA5BHZaLQ3%2Fj87%2FNdB68%2BGezsULZfMg%2BsJya4Rl%2FrXZsOVY3jTLOpL1GXEmIu5QQbfblNojPqmevFQBXbqrrqTV%2B1KcNWpeVyF3icE6ly%2BI%2B4kfLZ41K6e26L32%2BYsPxR%2BkHBFfsMik6m2JcjYQ3vHHEqwmguz1iKa8WJlNtKIrsDTgARz%2FHpiYCj%2B1bOpoxoTSDuWye0i0J5O4TroZX4hgceyx0JXHHr6mT9g%2BmbcYTfRw4TWAn8BffajpdOy56kE3aIKH4w%3D%3D","environmentVariables":{"FIREBASE_CONFIG":"{\"projectId\":\"weather-app-44bc2\",\"storageBucket\":\"weather-app-44bc2.appspot.com\"}","GCLOUD_PROJECT":"weather-app-44bc2","EVENTARC_CLOUD_EVENT_SOURCE":"projects/weather-app-44bc2/locations/us-central1/functions/weather_api"},"runtime":"nodejs18","buildId":"1387a382-fae4-4ab9-b15b-902ba1139455","buildEnvironmentVariables":{"GOOGLE_NODE_RUN_SCRIPTS":""},"buildName":"projects/344152108574/locations/us-central1/builds/1387a382-fae4-4ab9-b15b-902ba1139455","dockerRegistry":"ARTIFACT_REGISTRY","automaticUpdatePolicy":{}},"versionId":"4","updateTime":"2024-07-01T22:51:17Z","buildId":"36bf55bd-2fa9-42bc-bcce-afeed70fe247","buildName":"projects/344152108574/locations/us-central1/builds/36bf55bd-2fa9-42bc-bcce-afeed70fe247"}}
[debug] [2024-07-01T22:51:19.602Z] [update-default-us-central1-weather_api] Retrying task index 0
[debug] [2024-07-01T22:51:19.603Z] >>> [apiv2][query] GET https://cloudfunctions.googleapis.com/v1/operations/d2VhdGhlci1hcHAtNDRiYzIvdXMtY2VudHJhbDEvd2VhdGhlcl9hcGkvbkFZOFV5M0NPRXc [none]
[debug] [2024-07-01T22:51:19.912Z] <<< [apiv2][status] GET https://cloudfunctions.googleapis.com/v1/operations/d2VhdGhlci1hcHAtNDRiYzIvdXMtY2VudHJhbDEvd2VhdGhlcl9hcGkvbkFZOFV5M0NPRXc 200
[debug] [2024-07-01T22:51:19.912Z] <<< [apiv2][body] GET https://cloudfunctions.googleapis.com/v1/operations/d2VhdGhlci1hcHAtNDRiYzIvdXMtY2VudHJhbDEvd2VhdGhlcl9hcGkvbkFZOFV5M0NPRXc {"name":"operations/d2VhdGhlci1hcHAtNDRiYzIvdXMtY2VudHJhbDEvd2VhdGhlcl9hcGkvbkFZOFV5M0NPRXc","metadata":{"@type":"type.googleapis.com/google.cloud.functions.v1.OperationMetadataV1","target":"projects/weather-app-44bc2/locations/us-central1/functions/weather_api","type":"UPDATE_FUNCTION","request":{"@type":"type.googleapis.com/google.cloud.functions.v1.CloudFunction","name":"projects/weather-app-44bc2/locations/us-central1/functions/weather_api","httpsTrigger":{"url":"https://us-central1-weather-app-44bc2.cloudfunctions.net/weather_api","securityLevel":"SECURE_ALWAYS"},"status":"ACTIVE","entryPoint":"weather_api","updateTime":"2024-07-01T22:31:13.987Z","versionId":"3","labels":{"deployment-tool":"cli-firebase","firebase-functions-hash":"16d800c457d1320e675dce0d43b31ecf1ff7db20"},"sourceUploadUrl":"https://storage.googleapis.com/uploads-227817229072.us-central1.cloudfunctions.appspot.com/9886b69c-02c7-4c3c-8429-d40382f5b10e.zip?GoogleAccessId=service-344152108574@gcf-admin-robot.iam.gserviceaccount.com&Expires=1719876076&Signature=WyRCuwvsBEg80mca%2BimqZeIMdi8vNvcqEq6%2BNlX6r1p0TW3RY%2FzXMl%2FWUlsRtu2Ji22AfoFXkOpAMlA5BHZaLQ3%2Fj87%2FNdB68%2BGezsULZfMg%2BsJya4Rl%2FrXZsOVY3jTLOpL1GXEmIu5QQbfblNojPqmevFQBXbqrrqTV%2B1KcNWpeVyF3icE6ly%2BI%2B4kfLZ41K6e26L32%2BYsPxR%2BkHBFfsMik6m2JcjYQ3vHHEqwmguz1iKa8WJlNtKIrsDTgARz%2FHpiYCj%2B1bOpoxoTSDuWye0i0J5O4TroZX4hgceyx0JXHHr6mT9g%2BmbcYTfRw4TWAn8BffajpdOy56kE3aIKH4w%3D%3D","environmentVariables":{"FIREBASE_CONFIG":"{\"projectId\":\"weather-app-44bc2\",\"storageBucket\":\"weather-app-44bc2.appspot.com\"}","GCLOUD_PROJECT":"weather-app-44bc2","EVENTARC_CLOUD_EVENT_SOURCE":"projects/weather-app-44bc2/locations/us-central1/functions/weather_api"},"runtime":"nodejs18","buildId":"1387a382-fae4-4ab9-b15b-902ba1139455","buildEnvironmentVariables":{"GOOGLE_NODE_RUN_SCRIPTS":""},"buildName":"projects/344152108574/locations/us-central1/builds/1387a382-fae4-4ab9-b15b-902ba1139455","dockerRegistry":"ARTIFACT_REGISTRY","automaticUpdatePolicy":{}},"versionId":"4","updateTime":"2024-07-01T22:51:17Z","buildId":"36bf55bd-2fa9-42bc-bcce-afeed70fe247","buildName":"projects/344152108574/locations/us-central1/builds/36bf55bd-2fa9-42bc-bcce-afeed70fe247"}}
